<?xml version="1.0" encoding="UTF-8"?>
<testsuite xmlns:xsi="http://www.w3.org/2001/XMLSchema-instance" xsi:noNamespaceSchemaLocation="https://maven.apache.org/surefire/maven-surefire-plugin/xsd/surefire-test-report-3.0.xsd" version="3.0" name="com.example.shose.server.ServerApplicationTests" time="8.763" tests="1" errors="0" skipped="0" failures="0">
  <properties>
[...]
</properties>
  <testcase name="contextLoads" classname="com.example.shose.server.ServerApplicationTests" time="0.524">
    <system-out><![CDATA[12:11:20.910 [main] INFO org.springframework.test.context.support.AnnotationConfigContextLoaderUtils -- Could not detect default configuration classes for test class [com.example.shose.server.ServerApplicationTests]: ServerApplicationTests does not declare any static, non-private, non-final, nested classes annotated with @Configuration.
12:11:21.034 [main] INFO org.springframework.boot.test.context.SpringBootTestContextBootstrapper -- Found @SpringBootConfiguration com.example.shose.server.ServerApplication for test class com.example.shose.server.ServerApplicationTests


       .-"-.            .-"-.            .-"-.           .-"-.           .-"-.
     _/_-.-_\_        _/.-.-.\_        _/.-.-.\_       _/.-.-.\_       _/.-.-.\_
    / __} {__ \      /|( o o )|\      ( ( o o ) )     ( ( o o ) )     ( ( o o ) )
   / //  "  \\ \    | //  "  \\ |      |/  "  \|       |/  "  \|       |/  0  \|
  / / \'---'/ \ \  / / \'---'/ \ \      \'/^\'/         \ .-. /         \ .-. /
  \ \_/`"""`\_/ /  \ \_/`"""`\_/ /      /`\ /`\         /`"""`\         /`"""`\
   \           /    \           /      /  /|\  \       /       \       /   /\  \

 -={ Đình Diệm } = { Phương Oanh } = { Tu Thắng } = { Ngọc Hào } =  { Văn Vinh }=-


2023-11-25T12:11:21.484+07:00  INFO 11780 --- [           main] c.e.shose.server.ServerApplicationTests  : Starting ServerApplicationTests using Java 17.0.7 with PID 11780 (started by ACER in D:\DUAN_FPT\shose\BE)
2023-11-25T12:11:21.486+07:00  INFO 11780 --- [           main] c.e.shose.server.ServerApplicationTests  : No active profile set, falling back to 1 default profile: "default"
2023-11-25T12:11:22.577+07:00  INFO 11780 --- [           main] .s.d.r.c.RepositoryConfigurationDelegate : Bootstrapping Spring Data JPA repositories in DEFAULT mode.
2023-11-25T12:11:22.788+07:00  INFO 11780 --- [           main] .s.d.r.c.RepositoryConfigurationDelegate : Finished Spring Data repository scanning in 202 ms. Found 26 JPA repository interfaces.
2023-11-25T12:11:23.516+07:00  INFO 11780 --- [           main] o.hibernate.jpa.internal.util.LogHelper  : HHH000204: Processing PersistenceUnitInfo [name: default]
2023-11-25T12:11:23.591+07:00  INFO 11780 --- [           main] org.hibernate.Version                    : HHH000412: Hibernate ORM core version 6.2.2.Final
2023-11-25T12:11:23.595+07:00  INFO 11780 --- [           main] org.hibernate.cfg.Environment            : HHH000406: Using bytecode reflection optimizer
2023-11-25T12:11:23.839+07:00  INFO 11780 --- [           main] o.h.b.i.BytecodeProviderInitiator        : HHH000021: Bytecode provider name : bytebuddy
2023-11-25T12:11:23.996+07:00  INFO 11780 --- [           main] o.s.o.j.p.SpringPersistenceUnitInfo      : No LoadTimeWeaver setup: ignoring JPA class transformer
2023-11-25T12:11:24.015+07:00  INFO 11780 --- [           main] com.zaxxer.hikari.HikariDataSource       : HikariPool-1 - Starting...
2023-11-25T12:11:24.407+07:00  INFO 11780 --- [           main] com.zaxxer.hikari.pool.HikariPool        : HikariPool-1 - Added connection com.mysql.cj.jdbc.ConnectionImpl@31533eb1
2023-11-25T12:11:24.409+07:00  INFO 11780 --- [           main] com.zaxxer.hikari.HikariDataSource       : HikariPool-1 - Start completed.
2023-11-25T12:11:24.484+07:00  INFO 11780 --- [           main] org.hibernate.orm.dialect                : HHH035001: Using dialect: org.hibernate.dialect.MySQLDialect, version: 8.0.33
2023-11-25T12:11:24.891+07:00  INFO 11780 --- [           main] o.h.b.i.BytecodeProviderInitiator        : HHH000021: Bytecode provider name : bytebuddy
2023-11-25T12:11:25.911+07:00  INFO 11780 --- [           main] o.h.e.t.j.p.i.JtaPlatformInitiator       : HHH000490: Using JtaPlatform implementation: [org.hibernate.engine.transaction.jta.platform.internal.NoJtaPlatform]
2023-11-25T12:11:25.914+07:00  INFO 11780 --- [           main] j.LocalContainerEntityManagerFactoryBean : Initialized JPA EntityManagerFactory for persistence unit 'default'
2023-11-25T12:11:26.288+07:00  INFO 11780 --- [           main] o.s.d.j.r.query.QueryEnhancerFactory     : Hibernate is in classpath; If applicable, HQL parser will be used.
2023-11-25T12:11:28.001+07:00  WARN 11780 --- [           main] JpaBaseConfiguration$JpaWebConfiguration : spring.jpa.open-in-view is enabled by default. Therefore, database queries may be performed during view rendering. Explicitly configure spring.jpa.open-in-view to disable this warning
2023-11-25T12:11:28.443+07:00  INFO 11780 --- [           main] o.s.s.web.DefaultSecurityFilterChain     : Will secure any request with [org.springframework.security.web.session.DisableEncodeUrlFilter@545dedf4, org.springframework.security.web.context.request.async.WebAsyncManagerIntegrationFilter@2dedf1c9, org.springframework.security.web.context.SecurityContextHolderFilter@7e1383f7, org.springframework.security.web.header.HeaderWriterFilter@7454f141, org.springframework.web.filter.CorsFilter@33c5e228, org.springframework.security.web.authentication.logout.LogoutFilter@511d31a6, com.example.shose.server.infrastructure.sercurity.token.JwtAuthenticationFilter@50061d56, org.springframework.security.web.savedrequest.RequestCacheAwareFilter@229cf4e7, org.springframework.security.web.servletapi.SecurityContextHolderAwareRequestFilter@2dbdd3f2, org.springframework.security.web.authentication.AnonymousAuthenticationFilter@37a709bc, org.springframework.security.web.session.SessionManagementFilter@2e652f4e, org.springframework.security.web.access.ExceptionTranslationFilter@5793cd84, org.springframework.security.web.access.intercept.AuthorizationFilter@4d7687f9]
2023-11-25T12:11:28.906+07:00  INFO 11780 --- [           main] org.quartz.impl.StdSchedulerFactory      : Using default implementation for ThreadExecutor
2023-11-25T12:11:28.924+07:00  INFO 11780 --- [           main] org.quartz.core.SchedulerSignalerImpl    : Initialized Scheduler Signaller of type: class org.quartz.core.SchedulerSignalerImpl
2023-11-25T12:11:28.924+07:00  INFO 11780 --- [           main] org.quartz.core.QuartzScheduler          : Quartz Scheduler v.2.3.2 created.
2023-11-25T12:11:28.926+07:00  INFO 11780 --- [           main] org.quartz.simpl.RAMJobStore             : RAMJobStore initialized.
2023-11-25T12:11:28.928+07:00  INFO 11780 --- [           main] org.quartz.core.QuartzScheduler          : Scheduler meta-data: Quartz Scheduler (v2.3.2) 'quartzScheduler' with instanceId 'NON_CLUSTERED'
  Scheduler class: 'org.quartz.core.QuartzScheduler' - running locally.
  NOT STARTED.
  Currently in standby mode.
  Number of jobs executed: 0
  Using thread pool 'org.quartz.simpl.SimpleThreadPool' - with 10 threads.
  Using job-store 'org.quartz.simpl.RAMJobStore' - which does not support persistence. and is not clustered.

2023-11-25T12:11:28.928+07:00  INFO 11780 --- [           main] org.quartz.impl.StdSchedulerFactory      : Quartz scheduler 'quartzScheduler' initialized from an externally provided properties instance.
2023-11-25T12:11:28.928+07:00  INFO 11780 --- [           main] org.quartz.impl.StdSchedulerFactory      : Quartz scheduler version: 2.3.2
2023-11-25T12:11:28.928+07:00  INFO 11780 --- [           main] org.quartz.core.QuartzScheduler          : JobFactory set to: org.springframework.scheduling.quartz.SpringBeanJobFactory@76577a33
2023-11-25T12:11:28.965+07:00  INFO 11780 --- [           main] o.s.m.s.b.SimpleBrokerMessageHandler     : Starting...
2023-11-25T12:11:28.967+07:00  INFO 11780 --- [           main] o.s.m.s.b.SimpleBrokerMessageHandler     : BrokerAvailabilityEvent[available=true, SimpleBrokerMessageHandler [org.springframework.messaging.simp.broker.DefaultSubscriptionRegistry@6d91e1ba]]
2023-11-25T12:11:28.968+07:00  INFO 11780 --- [           main] o.s.m.s.b.SimpleBrokerMessageHandler     : Started.
2023-11-25T12:11:28.968+07:00  INFO 11780 --- [           main] o.s.s.quartz.SchedulerFactoryBean        : Starting Quartz Scheduler now
2023-11-25T12:11:28.968+07:00  INFO 11780 --- [           main] org.quartz.core.QuartzScheduler          : Scheduler quartzScheduler_$_NON_CLUSTERED started.
2023-11-25T12:11:28.978+07:00  INFO 11780 --- [           main] c.e.shose.server.ServerApplicationTests  : Started ServerApplicationTests in 7.78 seconds (process running for 8.705)
]]></system-out>
  </testcase>
</testsuite>